/sw/bioinfo/quast/5.0.2/snowy/bin/quast.py /domus/h1/bonitavw/GenomeAnalysis/analysis/02_genome_assembly/spades_output/contigs.fasta -r /domus/h1/bonitavw/GenomeAnalysis/data/raw_data/GCF_009734005.1_ASM973400v2_genomic.fna.gz -o /domus/h1/bonitavw/GenomeAnalysis/analysis/03_assembly_evaluation/quast_output_spades/

Version: 5.0.2

System information:
  OS: Linux-3.10.0-1160.88.1.el7.x86_64-x86_64-with-centos-7.9.2009-Core (linux_64)
  Python version: 3.7.2
  CPUs number: 16

Started: 2023-04-28 18:54:11

Logging to /domus/h1/bonitavw/GenomeAnalysis/analysis/03_assembly_evaluation/quast_output_spades/quast.log
NOTICE: Maximum number of threads is set to 4 (use --threads option to set it manually)

CWD: /domus/h1/bonitavw/GenomeAnalysis/code/03_assembly_evaluation
Main parameters: 
  MODE: default, threads: 4, minimum contig length: 500, minimum alignment length: 65, \
  ambiguity: one, threshold for extensive misassembly size: 1000

Reference:
  /domus/h1/bonitavw/GenomeAnalysis/data/raw_data/GCF_009734005.1_ASM973400v2_genomic.fna.gz ==> GCF_009734005.1_ASM973400v2_genomic

Contigs:
  Pre-processing...
  /domus/h1/bonitavw/GenomeAnalysis/analysis/02_genome_assembly/spades_output/contigs.fasta ==> contigs

2023-04-28 18:54:12
Running Basic statistics processor...
  Reference genome:
    GCF_009734005.1_ASM973400v2_genomic.fna, length = 2919198, num fragments = 2, GC % = 37.88
  Contig files: 
    contigs
  Calculating N50 and L50...
    contigs, N50 = 49767, L50 = 19, Total length = 2929089, GC % = 37.64, # N's per 100 kbp =  0.00
  Drawing Nx plot...
    saved to /domus/h1/bonitavw/GenomeAnalysis/analysis/03_assembly_evaluation/quast_output_spades/basic_stats/Nx_plot.pdf
  Drawing NGx plot...
    saved to /domus/h1/bonitavw/GenomeAnalysis/analysis/03_assembly_evaluation/quast_output_spades/basic_stats/NGx_plot.pdf
  Drawing cumulative plot...
    saved to /domus/h1/bonitavw/GenomeAnalysis/analysis/03_assembly_evaluation/quast_output_spades/basic_stats/cumulative_plot.pdf
  Drawing GC content plot...
    saved to /domus/h1/bonitavw/GenomeAnalysis/analysis/03_assembly_evaluation/quast_output_spades/basic_stats/GC_content_plot.pdf
  Drawing contigs GC content plot...
    saved to /domus/h1/bonitavw/GenomeAnalysis/analysis/03_assembly_evaluation/quast_output_spades/basic_stats/contigs_GC_content_plot.pdf
  Drawing Coverage histogram (bin size: 1x)...
    saved to /domus/h1/bonitavw/GenomeAnalysis/analysis/03_assembly_evaluation/quast_output_spades/basic_stats/coverage_histogram.pdf
  Drawing contigs coverage histogram (bin size: 1x)...
    saved to /domus/h1/bonitavw/GenomeAnalysis/analysis/03_assembly_evaluation/quast_output_spades/basic_stats/contigs_coverage_histogram.pdf
Done.

2023-04-28 18:54:15
Running Contig analyzer...
  contigs
  Logging to files /domus/h1/bonitavw/GenomeAnalysis/analysis/03_assembly_evaluation/quast_output_spades/contigs_reports/contigs_report_contigs.stdout and contigs_report_contigs.stderr...
  Aligning contigs to the reference
  Analysis is finished.
  Creating total report...
    saved to /domus/h1/bonitavw/GenomeAnalysis/analysis/03_assembly_evaluation/quast_output_spades/contigs_reports/misassemblies_report.txt, misassemblies_report.tsv, and misassemblies_report.tex
  Transposed version of total report...
    saved to /domus/h1/bonitavw/GenomeAnalysis/analysis/03_assembly_evaluation/quast_output_spades/contigs_reports/transposed_report_misassemblies.txt, transposed_report_misassemblies.tsv, and transposed_report_misassemblies.tex
  Creating total report...
    saved to /domus/h1/bonitavw/GenomeAnalysis/analysis/03_assembly_evaluation/quast_output_spades/contigs_reports/unaligned_report.txt, unaligned_report.tsv, and unaligned_report.tex
  Drawing misassemblies by types plot...
    saved to /domus/h1/bonitavw/GenomeAnalysis/analysis/03_assembly_evaluation/quast_output_spades/contigs_reports/misassemblies_plot.pdf
  Drawing misassemblies FRCurve plot...
    saved to /domus/h1/bonitavw/GenomeAnalysis/analysis/03_assembly_evaluation/quast_output_spades/contigs_reports/misassemblies_frcurve_plot.pdf
Done.

2023-04-28 18:54:17
Running NA-NGA calculation...
  contigs, Largest alignment = 78437, NA50 = 23387, NGA50 = 23387, LA50 = 36, LGA50 = 36
  Drawing cumulative plot...
    saved to /domus/h1/bonitavw/GenomeAnalysis/analysis/03_assembly_evaluation/quast_output_spades/aligned_stats/cumulative_plot.pdf
  Drawing NAx plot...
    saved to /domus/h1/bonitavw/GenomeAnalysis/analysis/03_assembly_evaluation/quast_output_spades/aligned_stats/NAx_plot.pdf
  Drawing NGAx plot...
    saved to /domus/h1/bonitavw/GenomeAnalysis/analysis/03_assembly_evaluation/quast_output_spades/aligned_stats/NGAx_plot.pdf
Done.

2023-04-28 18:54:18
Running Genome analyzer...
  NOTICE: No file with genomic features were provided. Use the --features option if you want to specify it.

  NOTICE: No file with operons were provided. Use the -O option if you want to specify it.
  contigs
  Analysis is finished.
  Skipping drawing Genome fraction, % histogram... (less than 2 columns histogram makes no sense)
Done.

NOTICE: Genes are not predicted by default. Use --gene-finding or --glimmer option to enable it.

2023-04-28 18:54:19
Creating large visual summaries...
This may take a while: press Ctrl-C to skip this step..
  1 of 2: Creating Icarus viewers...
  2 of 2: Creating PDF with all tables and plots...
Done

2023-04-28 18:54:21
RESULTS:
  Text versions of total report are saved to /domus/h1/bonitavw/GenomeAnalysis/analysis/03_assembly_evaluation/quast_output_spades/report.txt, report.tsv, and report.tex
  Text versions of transposed total report are saved to /domus/h1/bonitavw/GenomeAnalysis/analysis/03_assembly_evaluation/quast_output_spades/transposed_report.txt, transposed_report.tsv, and transposed_report.tex
  HTML version (interactive tables and plots) is saved to /domus/h1/bonitavw/GenomeAnalysis/analysis/03_assembly_evaluation/quast_output_spades/report.html
  PDF version (tables and plots) is saved to /domus/h1/bonitavw/GenomeAnalysis/analysis/03_assembly_evaluation/quast_output_spades/report.pdf
  Icarus (contig browser) is saved to /domus/h1/bonitavw/GenomeAnalysis/analysis/03_assembly_evaluation/quast_output_spades/icarus.html
  Log is saved to /domus/h1/bonitavw/GenomeAnalysis/analysis/03_assembly_evaluation/quast_output_spades/quast.log

Finished: 2023-04-28 18:54:21
Elapsed time: 0:00:10.371655
NOTICEs: 4; WARNINGs: 0; non-fatal ERRORs: 0

Thank you for using QUAST!
